2026-02-07 00:17:47 | INFO     | phase0 | [tracking] Registered run: experiment=exp8_direction_codebook run_id=20260207_001747 git=a1a1bc2 out=outputs/tier3/exp8_direction_codebook/20260207_001747
2026-02-07 00:17:47 | INFO     | phase0 | [exp8] Loading Mimi latents index and splits...
2026-02-07 00:17:47 | INFO     | phase0 | [exp8] 22216 train utterances for direction extraction
2026-02-07 00:17:47 | INFO     | phase0 | [exp8] Extracted 200/22216 utterances
2026-02-07 00:17:48 | INFO     | phase0 | [exp8] Extracted 400/22216 utterances
2026-02-07 00:17:48 | INFO     | phase0 | [exp8] Extracted 600/22216 utterances
2026-02-07 00:17:48 | INFO     | phase0 | [exp8] Extracted 800/22216 utterances
2026-02-07 00:17:48 | INFO     | phase0 | [exp8] Extracted 1000/22216 utterances
2026-02-07 00:17:49 | INFO     | phase0 | [exp8] Extracted 1200/22216 utterances
2026-02-07 00:17:49 | INFO     | phase0 | [exp8] Extracted 1400/22216 utterances
2026-02-07 00:17:49 | INFO     | phase0 | [exp8] Extracted 1600/22216 utterances
2026-02-07 00:17:49 | INFO     | phase0 | [exp8] Extracted 1800/22216 utterances
2026-02-07 00:17:49 | INFO     | phase0 | [exp8] Extracted 2000/22216 utterances
2026-02-07 00:17:50 | INFO     | phase0 | [exp8] Extracted 2200/22216 utterances
2026-02-07 00:17:50 | INFO     | phase0 | [exp8] Extracted 2400/22216 utterances
2026-02-07 00:17:50 | INFO     | phase0 | [exp8] Extracted 2600/22216 utterances
2026-02-07 00:17:50 | INFO     | phase0 | [exp8] Extracted 2800/22216 utterances
2026-02-07 00:17:51 | INFO     | phase0 | [exp8] Extracted 3000/22216 utterances
2026-02-07 00:17:51 | INFO     | phase0 | [exp8] Extracted 3200/22216 utterances
2026-02-07 00:17:51 | INFO     | phase0 | [exp8] Extracted 3400/22216 utterances
2026-02-07 00:17:51 | INFO     | phase0 | [exp8] Extracted 3600/22216 utterances
2026-02-07 00:17:51 | INFO     | phase0 | [exp8] Extracted 3800/22216 utterances
2026-02-07 00:17:52 | INFO     | phase0 | [exp8] Extracted 4000/22216 utterances
2026-02-07 00:17:52 | INFO     | phase0 | [exp8] Extracted 4200/22216 utterances
2026-02-07 00:17:52 | INFO     | phase0 | [exp8] Extracted 4400/22216 utterances
2026-02-07 00:17:52 | INFO     | phase0 | [exp8] Extracted 4600/22216 utterances
2026-02-07 00:17:53 | INFO     | phase0 | [exp8] Extracted 4800/22216 utterances
2026-02-07 00:17:53 | INFO     | phase0 | [exp8] Extracted 5000/22216 utterances
2026-02-07 00:17:53 | INFO     | phase0 | [exp8] Extracted 5200/22216 utterances
2026-02-07 00:17:53 | INFO     | phase0 | [exp8] Extracted 5400/22216 utterances
2026-02-07 00:17:53 | INFO     | phase0 | [exp8] Extracted 5600/22216 utterances
2026-02-07 00:17:54 | INFO     | phase0 | [exp8] Extracted 5800/22216 utterances
2026-02-07 00:17:54 | INFO     | phase0 | [exp8] Extracted 6000/22216 utterances
2026-02-07 00:17:54 | INFO     | phase0 | [exp8] Extracted 6200/22216 utterances
2026-02-07 00:17:54 | INFO     | phase0 | [exp8] Extracted 6400/22216 utterances
2026-02-07 00:17:55 | INFO     | phase0 | [exp8] Extracted 6600/22216 utterances
2026-02-07 00:17:55 | INFO     | phase0 | [exp8] Extracted 6800/22216 utterances
2026-02-07 00:17:55 | INFO     | phase0 | [exp8] Extracted 7000/22216 utterances
2026-02-07 00:17:55 | INFO     | phase0 | [exp8] Extracted 7200/22216 utterances
2026-02-07 00:17:55 | INFO     | phase0 | [exp8] Extracted 7400/22216 utterances
2026-02-07 00:17:56 | INFO     | phase0 | [exp8] Extracted 7600/22216 utterances
2026-02-07 00:17:56 | INFO     | phase0 | [exp8] Extracted 7800/22216 utterances
2026-02-07 00:17:56 | INFO     | phase0 | [exp8] Extracted 8000/22216 utterances
2026-02-07 00:17:56 | INFO     | phase0 | [exp8] Extracted 8200/22216 utterances
2026-02-07 00:17:57 | INFO     | phase0 | [exp8] Extracted 8400/22216 utterances
2026-02-07 00:17:57 | INFO     | phase0 | [exp8] Extracted 8600/22216 utterances
2026-02-07 00:17:57 | INFO     | phase0 | [exp8] Extracted 8800/22216 utterances
2026-02-07 00:17:57 | INFO     | phase0 | [exp8] Extracted 9000/22216 utterances
2026-02-07 00:17:57 | INFO     | phase0 | [exp8] Extracted 9200/22216 utterances
2026-02-07 00:17:58 | INFO     | phase0 | [exp8] Extracted 9400/22216 utterances
2026-02-07 00:17:58 | INFO     | phase0 | [exp8] Extracted 9600/22216 utterances
2026-02-07 00:17:58 | INFO     | phase0 | [exp8] Extracted 9800/22216 utterances
2026-02-07 00:17:58 | INFO     | phase0 | [exp8] Extracted 10000/22216 utterances
2026-02-07 00:17:59 | INFO     | phase0 | [exp8] Extracted 10200/22216 utterances
2026-02-07 00:17:59 | INFO     | phase0 | [exp8] Extracted 10400/22216 utterances
2026-02-07 00:17:59 | INFO     | phase0 | [exp8] Extracted 10600/22216 utterances
2026-02-07 00:17:59 | INFO     | phase0 | [exp8] Extracted 10800/22216 utterances
2026-02-07 00:18:00 | INFO     | phase0 | [exp8] Extracted 11000/22216 utterances
2026-02-07 00:18:00 | INFO     | phase0 | [exp8] Extracted 11200/22216 utterances
2026-02-07 00:18:00 | INFO     | phase0 | [exp8] Extracted 11400/22216 utterances
2026-02-07 00:18:00 | INFO     | phase0 | [exp8] Extracted 11600/22216 utterances
2026-02-07 00:18:00 | INFO     | phase0 | [exp8] Extracted 11800/22216 utterances
2026-02-07 00:18:01 | INFO     | phase0 | [exp8] Extracted 12000/22216 utterances
2026-02-07 00:18:01 | INFO     | phase0 | [exp8] Extracted 12200/22216 utterances
2026-02-07 00:18:01 | INFO     | phase0 | [exp8] Extracted 12400/22216 utterances
2026-02-07 00:18:01 | INFO     | phase0 | [exp8] Extracted 12600/22216 utterances
2026-02-07 00:18:02 | INFO     | phase0 | [exp8] Extracted 12800/22216 utterances
2026-02-07 00:18:02 | INFO     | phase0 | [exp8] Extracted 13000/22216 utterances
2026-02-07 00:18:02 | INFO     | phase0 | [exp8] Extracted 13200/22216 utterances
2026-02-07 00:18:02 | INFO     | phase0 | [exp8] Extracted 13400/22216 utterances
2026-02-07 00:18:02 | INFO     | phase0 | [exp8] Extracted 13600/22216 utterances
2026-02-07 00:18:03 | INFO     | phase0 | [exp8] Extracted 13800/22216 utterances
2026-02-07 00:18:03 | INFO     | phase0 | [exp8] Extracted 14000/22216 utterances
2026-02-07 00:18:03 | INFO     | phase0 | [exp8] Extracted 14200/22216 utterances
2026-02-07 00:18:03 | INFO     | phase0 | [exp8] Extracted 14400/22216 utterances
2026-02-07 00:18:04 | INFO     | phase0 | [exp8] Extracted 14600/22216 utterances
2026-02-07 00:18:04 | INFO     | phase0 | [exp8] Extracted 14800/22216 utterances
2026-02-07 00:18:04 | INFO     | phase0 | [exp8] Extracted 15000/22216 utterances
2026-02-07 00:18:04 | INFO     | phase0 | [exp8] Extracted 15200/22216 utterances
2026-02-07 00:18:05 | INFO     | phase0 | [exp8] Extracted 15400/22216 utterances
2026-02-07 00:18:05 | INFO     | phase0 | [exp8] Extracted 15600/22216 utterances
2026-02-07 00:18:05 | INFO     | phase0 | [exp8] Extracted 15800/22216 utterances
2026-02-07 00:18:05 | INFO     | phase0 | [exp8] Extracted 16000/22216 utterances
2026-02-07 00:18:05 | INFO     | phase0 | [exp8] Extracted 16200/22216 utterances
2026-02-07 00:18:06 | INFO     | phase0 | [exp8] Extracted 16400/22216 utterances
2026-02-07 00:18:06 | INFO     | phase0 | [exp8] Extracted 16600/22216 utterances
2026-02-07 00:18:06 | INFO     | phase0 | [exp8] Extracted 16800/22216 utterances
2026-02-07 00:18:06 | INFO     | phase0 | [exp8] Extracted 17000/22216 utterances
2026-02-07 00:18:07 | INFO     | phase0 | [exp8] Extracted 17200/22216 utterances
2026-02-07 00:18:07 | INFO     | phase0 | [exp8] Extracted 17400/22216 utterances
2026-02-07 00:18:07 | INFO     | phase0 | [exp8] Extracted 17600/22216 utterances
2026-02-07 00:18:07 | INFO     | phase0 | [exp8] Extracted 17800/22216 utterances
2026-02-07 00:18:08 | INFO     | phase0 | [exp8] Extracted 18000/22216 utterances
2026-02-07 00:18:08 | INFO     | phase0 | [exp8] Extracted 18200/22216 utterances
2026-02-07 00:18:08 | INFO     | phase0 | [exp8] Extracted 18400/22216 utterances
2026-02-07 00:18:08 | INFO     | phase0 | [exp8] Extracted 18600/22216 utterances
2026-02-07 00:18:08 | INFO     | phase0 | [exp8] Extracted 18800/22216 utterances
2026-02-07 00:18:09 | INFO     | phase0 | [exp8] Extracted 19000/22216 utterances
2026-02-07 00:18:09 | INFO     | phase0 | [exp8] Extracted 19200/22216 utterances
2026-02-07 00:18:09 | INFO     | phase0 | [exp8] Extracted 19400/22216 utterances
2026-02-07 00:18:09 | INFO     | phase0 | [exp8] Extracted 19600/22216 utterances
2026-02-07 00:18:10 | INFO     | phase0 | [exp8] Extracted 19800/22216 utterances
2026-02-07 00:18:10 | INFO     | phase0 | [exp8] Extracted 20000/22216 utterances
2026-02-07 00:18:10 | INFO     | phase0 | [exp8] Extracted 20200/22216 utterances
2026-02-07 00:18:10 | INFO     | phase0 | [exp8] Extracted 20400/22216 utterances
2026-02-07 00:18:10 | INFO     | phase0 | [exp8] Extracted 20600/22216 utterances
2026-02-07 00:18:11 | INFO     | phase0 | [exp8] Extracted 20800/22216 utterances
2026-02-07 00:18:11 | INFO     | phase0 | [exp8] Extracted 21000/22216 utterances
2026-02-07 00:18:11 | INFO     | phase0 | [exp8] Extracted 21200/22216 utterances
2026-02-07 00:18:11 | INFO     | phase0 | [exp8] Extracted 21400/22216 utterances
2026-02-07 00:18:12 | INFO     | phase0 | [exp8] Extracted 21600/22216 utterances
2026-02-07 00:18:12 | INFO     | phase0 | [exp8] Extracted 21800/22216 utterances
2026-02-07 00:18:12 | INFO     | phase0 | [exp8] Extracted 22000/22216 utterances
2026-02-07 00:18:12 | INFO     | phase0 | [exp8] Extracted 22200/22216 utterances
2026-02-07 00:18:21 | INFO     | phase0 | [exp8] Extracted 3577818 direction vectors from 22216 utterances, D=512
2026-02-07 00:18:21 | INFO     | phase0 | [exp8] Latent dimensionality: D=512
2026-02-07 00:18:21 | INFO     | phase0 | [exp8] Running Exp 9: near-zero magnitude analysis...
2026-02-07 00:18:22 | INFO     | phase0 | [exp8] Exp 9 recommendation: floor_clamp_sufficient. Magnitude median=74.2473
2026-02-07 00:18:22 | INFO     | phase0 | [exp8]   eps=0.001*median -> threshold=0.074247, fraction=0.0000 (0 frames)
2026-02-07 00:18:22 | INFO     | phase0 | [exp8]   eps=0.01*median -> threshold=0.742473, fraction=0.0000 (13 frames)
2026-02-07 00:18:22 | INFO     | phase0 | [exp8]   eps=0.1*median -> threshold=7.424730, fraction=0.0038 (13597 frames)
2026-02-07 00:18:22 | INFO     | phase0 | [exp8]   eps=0.5*median -> threshold=37.123650, fraction=0.0890 (318601 frames)
2026-02-07 00:18:30 | INFO     | phase0 | [exp8] Filtering near-zero: 13 removed (0.0%), 3577805 directions for k-means
2026-02-07 00:18:30 | INFO     | phase0 | [exp8] Running spherical k-means K=64 (n_init=10)...
